
ROM used:   2111/8192 (26%)
            2737/8192 (33%) including unused fragments

            2.2 Average locations per line
            17.9 Average locations per statement

RAM used:   103/368 (28%) at main() level
            136/368 (37%) worst case

Stack used: 5 worst case (4 in main + 1 for interrupts)
Stack size: 8

Lines Stmts  %   Files
----- ----- ---  -----
  126    46  39  Temperatura.c
  674     0   0  ..\..\..\..\..\..\..\..\Program Files (x86)\PICC\Devices\16F877A.h
  165    72  61  mod_lcd.c
----- -----
  965   118 Total

Page ROM  %  RAM    Vol Diff  Functions:
---- --- --- ---    --- ----  ----------
0     20   1    1             @delay_ms1
0      8   0    0             @const598
0     49   2    1    260  1.9  lcd_envia_nibble
0     41   2    3    176  2.7  lcd_envia_byte
0     75   4    2    433  4.3  lcd_ini
 Inline         4    186  5.5  lcd_pos_xy
0     67   3    1    290  4.1  lcd_escreve
0     41   2    0    145  3.9  RTCC_isr
1    689  33   64   1431  5.9  MAIN
0     31   1    2             @ITOF
0    119   6   13             @MULFF
0    326  15   16             @ADDFF
0     33   2    4             @SFTOI
0     50   2    6             @MULS1616
0     39   2    2             @SITOF
0     15   1    0             @const652
0    122   6    5             @PSTRINGCN7_613
0    132   6    9             @PRINTF_LD_613
 Inline         1             @SPRINTF
0    145   7    9             @PRINTF_LD_659
0     30   1    2             @PSTRINGR_1
 Inline         0             @cinit1

Program metrics:
    Functions               7
    Statements              118
    Comments                181
    Volume (V)              4197
    Difficulty (D)          26.9
    Effort to implement (E) 112872
    Time to implement (T)   1 hours, 45 minutes
    Est Delivered Bugs (B)  1
    Cyclomatic Complexity   10
    Maintainability (MI)    142

 Segment     Used  Free
-----------  ----  ----
00000-00003     4  0  
00004-0004E    75  0  
0004F-007FF  1343  626  
00800-00FFF   689  1359  
01000-017FF     0  2048  
01800-01FFF     0  2048  



